Determining if the pthread_create exist failed with the following output:
Change Dir: /home/tsf/CLionProject/cmake-build-debug/CMakeFiles/CMakeTmp

Run Build Command:"/usr/bin/make" "cmTC_13225/fast"
/usr/bin/make -f CMakeFiles/cmTC_13225.dir/build.make CMakeFiles/cmTC_13225.dir/build
make[1]: Entering directory `/home/tsf/CLionProject/cmake-build-debug/CMakeFiles/CMakeTmp'
Building C object CMakeFiles/cmTC_13225.dir/CheckSymbolExists.c.o
/usr/bin/cc     -o CMakeFiles/cmTC_13225.dir/CheckSymbolExists.c.o   -c /home/tsf/CLionProject/cmake-build-debug/CMakeFiles/CMakeTmp/CheckSymbolExists.c
Linking C executable cmTC_13225
/home/tsf/Clion/bin/cmake/bin/cmake -E cmake_link_script CMakeFiles/cmTC_13225.dir/link.txt --verbose=1
/usr/bin/cc       CMakeFiles/cmTC_13225.dir/CheckSymbolExists.c.o  -o cmTC_13225 
CMakeFiles/cmTC_13225.dir/CheckSymbolExists.c.o: In function `main':
CheckSymbolExists.c:(.text+0x16): undefined reference to `pthread_create'
collect2: error: ld returned 1 exit status
make[1]: *** [cmTC_13225] Error 1
make[1]: Leaving directory `/home/tsf/CLionProject/cmake-build-debug/CMakeFiles/CMakeTmp'
make: *** [cmTC_13225/fast] Error 2

File /home/tsf/CLionProject/cmake-build-debug/CMakeFiles/CMakeTmp/CheckSymbolExists.c:
/* */
#include <pthread.h>

int main(int argc, char** argv)
{
  (void)argv;
#ifndef pthread_create
  return ((int*)(&pthread_create))[argc];
#else
  (void)argc;
  return 0;
#endif
}

Determining if the function pthread_create exists in the pthreads failed with the following output:
Change Dir: /home/tsf/CLionProject/cmake-build-debug/CMakeFiles/CMakeTmp

Run Build Command:"/usr/bin/make" "cmTC_f4f2d/fast"
/usr/bin/make -f CMakeFiles/cmTC_f4f2d.dir/build.make CMakeFiles/cmTC_f4f2d.dir/build
make[1]: Entering directory `/home/tsf/CLionProject/cmake-build-debug/CMakeFiles/CMakeTmp'
Building C object CMakeFiles/cmTC_f4f2d.dir/CheckFunctionExists.c.o
/usr/bin/cc    -DCHECK_FUNCTION_EXISTS=pthread_create   -o CMakeFiles/cmTC_f4f2d.dir/CheckFunctionExists.c.o   -c /home/tsf/Clion/bin/cmake/share/cmake-3.7/Modules/CheckFunctionExists.c
Linking C executable cmTC_f4f2d
/home/tsf/Clion/bin/cmake/bin/cmake -E cmake_link_script CMakeFiles/cmTC_f4f2d.dir/link.txt --verbose=1
/usr/bin/cc   -DCHECK_FUNCTION_EXISTS=pthread_create    CMakeFiles/cmTC_f4f2d.dir/CheckFunctionExists.c.o  -o cmTC_f4f2d -lpthreads 
/usr/bin/ld: cannot find -lpthreads
collect2: error: ld returned 1 exit status
make[1]: *** [cmTC_f4f2d] Error 1
make[1]: Leaving directory `/home/tsf/CLionProject/cmake-build-debug/CMakeFiles/CMakeTmp'
make: *** [cmTC_f4f2d/fast] Error 2


